<?xml version="1.0" encoding="UTF-8"?>
<testsuite xmlns:xsi="http://www.w3.org/2001/XMLSchema-instance" xsi:noNamespaceSchemaLocation="https://maven.apache.org/surefire/maven-surefire-plugin/xsd/surefire-test-report-3.0.xsd" version="3.0" name="com.example.expensetracker.ExpenseTrackerApplicationTests" time="3.767" tests="1" errors="0" skipped="0" failures="0">
  <properties>
[...]
</properties>
  <testcase name="contextLoads" classname="com.example.expensetracker.ExpenseTrackerApplicationTests" time="0.012">
    <system-out><![CDATA[06:20:00.954 [main] DEBUG org.springframework.test.context.BootstrapUtils - Instantiating CacheAwareContextLoaderDelegate from class [org.springframework.test.context.cache.DefaultCacheAwareContextLoaderDelegate]
06:20:00.961 [main] DEBUG org.springframework.test.context.BootstrapUtils - Instantiating BootstrapContext using constructor [public org.springframework.test.context.support.DefaultBootstrapContext(java.lang.Class,org.springframework.test.context.CacheAwareContextLoaderDelegate)]
06:20:00.992 [main] DEBUG org.springframework.test.context.BootstrapUtils - Instantiating TestContextBootstrapper for test class [com.example.expensetracker.ExpenseTrackerApplicationTests] from class [org.springframework.boot.test.context.SpringBootTestContextBootstrapper]
06:20:01.003 [main] INFO org.springframework.boot.test.context.SpringBootTestContextBootstrapper - Neither @ContextConfiguration nor @ContextHierarchy found for test class [com.example.expensetracker.ExpenseTrackerApplicationTests], using SpringBootContextLoader
06:20:01.006 [main] DEBUG org.springframework.test.context.support.AbstractContextLoader - Did not detect default resource location for test class [com.example.expensetracker.ExpenseTrackerApplicationTests]: class path resource [com/example/expensetracker/ExpenseTrackerApplicationTests-context.xml] does not exist
06:20:01.006 [main] DEBUG org.springframework.test.context.support.AbstractContextLoader - Did not detect default resource location for test class [com.example.expensetracker.ExpenseTrackerApplicationTests]: class path resource [com/example/expensetracker/ExpenseTrackerApplicationTestsContext.groovy] does not exist
06:20:01.006 [main] INFO org.springframework.test.context.support.AbstractContextLoader - Could not detect default resource locations for test class [com.example.expensetracker.ExpenseTrackerApplicationTests]: no resource found for suffixes {-context.xml, Context.groovy}.
06:20:01.007 [main] INFO org.springframework.test.context.support.AnnotationConfigContextLoaderUtils - Could not detect default configuration classes for test class [com.example.expensetracker.ExpenseTrackerApplicationTests]: ExpenseTrackerApplicationTests does not declare any static, non-private, non-final, nested classes annotated with @Configuration.
06:20:01.042 [main] DEBUG org.springframework.test.context.support.ActiveProfilesUtils - Could not find an 'annotation declaring class' for annotation type [org.springframework.test.context.ActiveProfiles] and class [com.example.expensetracker.ExpenseTrackerApplicationTests]
06:20:01.084 [main] DEBUG org.springframework.context.annotation.ClassPathScanningCandidateComponentProvider - Identified candidate component class: file [C:\Users\champ\CHAMPA\ExpenseTrackerApp\Backend\target\classes\com\example\expensetracker\ExpenseTrackerApplication.class]
06:20:01.085 [main] INFO org.springframework.boot.test.context.SpringBootTestContextBootstrapper - Found @SpringBootConfiguration com.example.expensetracker.ExpenseTrackerApplication for test class com.example.expensetracker.ExpenseTrackerApplicationTests
06:20:01.158 [main] DEBUG org.springframework.boot.test.context.SpringBootTestContextBootstrapper - @TestExecutionListeners is not present for class [com.example.expensetracker.ExpenseTrackerApplicationTests]: using defaults.
06:20:01.158 [main] INFO org.springframework.boot.test.context.SpringBootTestContextBootstrapper - Loaded default TestExecutionListener class names from location [META-INF/spring.factories]: [org.springframework.boot.test.mock.mockito.MockitoTestExecutionListener, org.springframework.boot.test.mock.mockito.ResetMocksTestExecutionListener, org.springframework.boot.test.autoconfigure.restdocs.RestDocsTestExecutionListener, org.springframework.boot.test.autoconfigure.web.client.MockRestServiceServerResetTestExecutionListener, org.springframework.boot.test.autoconfigure.web.servlet.MockMvcPrintOnlyOnFailureTestExecutionListener, org.springframework.boot.test.autoconfigure.web.servlet.WebDriverTestExecutionListener, org.springframework.boot.test.autoconfigure.webservices.client.MockWebServiceServerTestExecutionListener, org.springframework.test.context.web.ServletTestExecutionListener, org.springframework.test.context.support.DirtiesContextBeforeModesTestExecutionListener, org.springframework.test.context.event.ApplicationEventsTestExecutionListener, org.springframework.test.context.support.DependencyInjectionTestExecutionListener, org.springframework.test.context.support.DirtiesContextTestExecutionListener, org.springframework.test.context.transaction.TransactionalTestExecutionListener, org.springframework.test.context.jdbc.SqlScriptsTestExecutionListener, org.springframework.test.context.event.EventPublishingTestExecutionListener]
06:20:01.171 [main] INFO org.springframework.boot.test.context.SpringBootTestContextBootstrapper - Using TestExecutionListeners: [org.springframework.test.context.web.ServletTestExecutionListener@7275c74b, org.springframework.test.context.support.DirtiesContextBeforeModesTestExecutionListener@19058533, org.springframework.test.context.event.ApplicationEventsTestExecutionListener@4315e9af, org.springframework.boot.test.mock.mockito.MockitoTestExecutionListener@42210be1, org.springframework.boot.test.autoconfigure.SpringBootDependencyInjectionTestExecutionListener@1eb2d371, org.springframework.test.context.support.DirtiesContextTestExecutionListener@2babf189, org.springframework.test.context.transaction.TransactionalTestExecutionListener@479f2dc2, org.springframework.test.context.jdbc.SqlScriptsTestExecutionListener@dab48d3, org.springframework.test.context.event.EventPublishingTestExecutionListener@58a2b4c, org.springframework.boot.test.mock.mockito.ResetMocksTestExecutionListener@7159a5cd, org.springframework.boot.test.autoconfigure.restdocs.RestDocsTestExecutionListener@4f966719, org.springframework.boot.test.autoconfigure.web.client.MockRestServiceServerResetTestExecutionListener@18ac53e8, org.springframework.boot.test.autoconfigure.web.servlet.MockMvcPrintOnlyOnFailureTestExecutionListener@4ca8dbfa, org.springframework.boot.test.autoconfigure.web.servlet.WebDriverTestExecutionListener@7063686f, org.springframework.boot.test.autoconfigure.webservices.client.MockWebServiceServerTestExecutionListener@c3177d5]
06:20:01.174 [main] DEBUG org.springframework.test.context.support.AbstractDirtiesContextTestExecutionListener - Before test class: context [DefaultTestContext@72d0f2b4 testClass = ExpenseTrackerApplicationTests, testInstance = [null], testMethod = [null], testException = [null], mergedContextConfiguration = [WebMergedContextConfiguration@6d2dc9d2 testClass = ExpenseTrackerApplicationTests, locations = '{}', classes = '{class com.example.expensetracker.ExpenseTrackerApplication}', contextInitializerClasses = '[]', activeProfiles = '{}', propertySourceLocations = '{}', propertySourceProperties = '{org.springframework.boot.test.context.SpringBootTestContextBootstrapper=true}', contextCustomizers = set[org.springframework.boot.test.context.filter.ExcludeFilterContextCustomizer@417d6615, org.springframework.boot.test.json.DuplicateJsonObjectContextCustomizerFactory$DuplicateJsonObjectContextCustomizer@6de30571, org.springframework.boot.test.mock.mockito.MockitoContextCustomizer@0, org.springframework.boot.test.web.client.TestRestTemplateContextCustomizer@d176a31, org.springframework.boot.test.autoconfigure.actuate.metrics.MetricsExportContextCustomizerFactory$DisableMetricExportContextCustomizer@7f02251, org.springframework.boot.test.autoconfigure.properties.PropertyMappingContextCustomizer@0, org.springframework.boot.test.autoconfigure.web.servlet.WebDriverContextCustomizerFactory$Customizer@677b8e13, org.springframework.boot.test.context.SpringBootTestArgs@1, org.springframework.boot.test.context.SpringBootTestWebEnvironment@3d299e3], resourceBasePath = 'src/main/webapp', contextLoader = 'org.springframework.boot.test.context.SpringBootContextLoader', parent = [null]], attributes = map['org.springframework.test.context.web.ServletTestExecutionListener.activateListener' -> true]], class annotated with @DirtiesContext [false] with mode [null].

  .   ____          _            __ _ _
 /\\ / ___'_ __ _ _(_)_ __  __ _ \ \ \ \
( ( )\___ | '_ | '_| | '_ \/ _` | \ \ \ \
 \\/  ___)| |_)| | | | | || (_| |  ) ) ) )
  '  |____| .__|_| |_|_| |_\__, | / / / /
 =========|_|==============|___/=/_/_/_/
 :: Spring Boot ::                (v2.7.5)

2024-12-23 06:20:01.472  INFO 13972 --- [           main] c.e.e.ExpenseTrackerApplicationTests     : Starting ExpenseTrackerApplicationTests using Java 21.0.5 on LAPTOP-HJRUDQ68 with PID 13972 (started by champ in C:\Users\champ\CHAMPA\ExpenseTrackerApp\Backend)
2024-12-23 06:20:01.473  INFO 13972 --- [           main] c.e.e.ExpenseTrackerApplicationTests     : No active profile set, falling back to 1 default profile: "default"
2024-12-23 06:20:02.020  INFO 13972 --- [           main] .s.d.r.c.RepositoryConfigurationDelegate : Bootstrapping Spring Data JPA repositories in DEFAULT mode.
2024-12-23 06:20:02.064  INFO 13972 --- [           main] .s.d.r.c.RepositoryConfigurationDelegate : Finished Spring Data repository scanning in 37 ms. Found 1 JPA repository interfaces.
2024-12-23 06:20:02.606  INFO 13972 --- [           main] o.hibernate.jpa.internal.util.LogHelper  : HHH000204: Processing PersistenceUnitInfo [name: default]
2024-12-23 06:20:02.661  INFO 13972 --- [           main] org.hibernate.Version                    : HHH000412: Hibernate ORM core version 5.6.14.Final
2024-12-23 06:20:02.716  INFO 13972 --- [           main] o.hibernate.annotations.common.Version   : HCANN000001: Hibernate Commons Annotations {5.1.2.Final}
2024-12-23 06:20:02.826  INFO 13972 --- [           main] com.zaxxer.hikari.HikariDataSource       : HikariPool-1 - Starting...
2024-12-23 06:20:02.990  INFO 13972 --- [           main] com.zaxxer.hikari.HikariDataSource       : HikariPool-1 - Start completed.
2024-12-23 06:20:03.002  INFO 13972 --- [           main] org.hibernate.dialect.Dialect            : HHH000400: Using dialect: org.hibernate.dialect.H2Dialect
2024-12-23 06:20:03.337 DEBUG 13972 --- [           main] org.hibernate.SQL                        : drop table if exists expense CASCADE 
2024-12-23 06:20:03.340 DEBUG 13972 --- [           main] org.hibernate.SQL                        : create table expense (id bigint generated by default as identity, amount double not null, date date not null, description varchar(255) not null, primary key (id))
2024-12-23 06:20:03.348  INFO 13972 --- [           main] o.h.e.t.j.p.i.JtaPlatformInitiator       : HHH000490: Using JtaPlatform implementation: [org.hibernate.engine.transaction.jta.platform.internal.NoJtaPlatform]
2024-12-23 06:20:03.355  INFO 13972 --- [           main] j.LocalContainerEntityManagerFactoryBean : Initialized JPA EntityManagerFactory for persistence unit 'default'
2024-12-23 06:20:03.728  WARN 13972 --- [           main] .s.s.UserDetailsServiceAutoConfiguration : 

Using generated security password: cada2b76-080f-415a-9ba6-41e3f1a687e3

This generated password is for development use only. Your security configuration must be updated before running your application in production.

2024-12-23 06:20:03.906  WARN 13972 --- [           main] JpaBaseConfiguration$JpaWebConfiguration : spring.jpa.open-in-view is enabled by default. Therefore, database queries may be performed during view rendering. Explicitly configure spring.jpa.open-in-view to disable this warning
2024-12-23 06:20:04.224  INFO 13972 --- [           main] o.s.s.web.DefaultSecurityFilterChain     : Will secure any request with [org.springframework.security.web.session.DisableEncodeUrlFilter@60688a97, org.springframework.security.web.context.request.async.WebAsyncManagerIntegrationFilter@242ebd3b, org.springframework.security.web.context.SecurityContextPersistenceFilter@43094e0c, org.springframework.security.web.header.HeaderWriterFilter@39a9becc, org.springframework.web.filter.CorsFilter@5d2bc446, org.springframework.security.web.authentication.logout.LogoutFilter@e344f14, org.springframework.security.web.savedrequest.RequestCacheAwareFilter@1e18876d, org.springframework.security.web.servletapi.SecurityContextHolderAwareRequestFilter@4d93e5bf, org.springframework.security.web.authentication.AnonymousAuthenticationFilter@6e96f3cd, org.springframework.security.web.session.SessionManagementFilter@792eeae6, org.springframework.security.web.access.ExceptionTranslationFilter@8c34631]
2024-12-23 06:20:04.611  INFO 13972 --- [           main] c.e.e.ExpenseTrackerApplicationTests     : Started ExpenseTrackerApplicationTests in 3.408 seconds (JVM running for 4.874)
]]></system-out>
  </testcase>
</testsuite>