<?xml version="1.0" encoding="UTF-8"?>
<testsuite xmlns:xsi="http://www.w3.org/2001/XMLSchema-instance" xsi:noNamespaceSchemaLocation="https://maven.apache.org/surefire/maven-surefire-plugin/xsd/surefire-test-report-3.0.xsd" version="3.0" name="com.example.expensetracker.repository.ExpenseRepositoryTest" time="0.548" tests="2" errors="0" skipped="0" failures="0">
  <properties>
[...]
</properties>
  <testcase name="testFindAll" classname="com.example.expensetracker.repository.ExpenseRepositoryTest" time="0.164">
    <system-out><![CDATA[2024-12-23 06:20:04.652  INFO 13972 --- [           main] b.t.a.o.j.DataJpaTestContextBootstrapper : Neither @ContextConfiguration nor @ContextHierarchy found for test class [com.example.expensetracker.repository.ExpenseRepositoryTest], using SpringBootContextLoader
2024-12-23 06:20:04.653  INFO 13972 --- [           main] o.s.t.c.support.AbstractContextLoader    : Could not detect default resource locations for test class [com.example.expensetracker.repository.ExpenseRepositoryTest]: no resource found for suffixes {-context.xml, Context.groovy}.
2024-12-23 06:20:04.653  INFO 13972 --- [           main] t.c.s.AnnotationConfigContextLoaderUtils : Could not detect default configuration classes for test class [com.example.expensetracker.repository.ExpenseRepositoryTest]: ExpenseRepositoryTest does not declare any static, non-private, non-final, nested classes annotated with @Configuration.
2024-12-23 06:20:04.678  INFO 13972 --- [           main] .b.t.c.SpringBootTestContextBootstrapper : Found @SpringBootConfiguration com.example.expensetracker.ExpenseTrackerApplication for test class com.example.expensetracker.repository.ExpenseRepositoryTest
2024-12-23 06:20:04.679  INFO 13972 --- [           main] b.t.a.o.j.DataJpaTestContextBootstrapper : Loaded default TestExecutionListener class names from location [META-INF/spring.factories]: [org.springframework.boot.test.mock.mockito.MockitoTestExecutionListener, org.springframework.boot.test.mock.mockito.ResetMocksTestExecutionListener, org.springframework.boot.test.autoconfigure.restdocs.RestDocsTestExecutionListener, org.springframework.boot.test.autoconfigure.web.client.MockRestServiceServerResetTestExecutionListener, org.springframework.boot.test.autoconfigure.web.servlet.MockMvcPrintOnlyOnFailureTestExecutionListener, org.springframework.boot.test.autoconfigure.web.servlet.WebDriverTestExecutionListener, org.springframework.boot.test.autoconfigure.webservices.client.MockWebServiceServerTestExecutionListener, org.springframework.test.context.web.ServletTestExecutionListener, org.springframework.test.context.support.DirtiesContextBeforeModesTestExecutionListener, org.springframework.test.context.event.ApplicationEventsTestExecutionListener, org.springframework.test.context.support.DependencyInjectionTestExecutionListener, org.springframework.test.context.support.DirtiesContextTestExecutionListener, org.springframework.test.context.transaction.TransactionalTestExecutionListener, org.springframework.test.context.jdbc.SqlScriptsTestExecutionListener, org.springframework.test.context.event.EventPublishingTestExecutionListener]
2024-12-23 06:20:04.680  INFO 13972 --- [           main] b.t.a.o.j.DataJpaTestContextBootstrapper : Using TestExecutionListeners: [org.springframework.test.context.web.ServletTestExecutionListener@6164b3a2, org.springframework.test.context.support.DirtiesContextBeforeModesTestExecutionListener@345af277, org.springframework.test.context.event.ApplicationEventsTestExecutionListener@96448ee, org.springframework.boot.test.mock.mockito.MockitoTestExecutionListener@59509393, org.springframework.boot.test.autoconfigure.SpringBootDependencyInjectionTestExecutionListener@1d6dc2b8, org.springframework.test.context.support.DirtiesContextTestExecutionListener@7ec75228, org.springframework.test.context.transaction.TransactionalTestExecutionListener@55cf5626, org.springframework.test.context.jdbc.SqlScriptsTestExecutionListener@8de8b07, org.springframework.test.context.event.EventPublishingTestExecutionListener@7b55f0a6, org.springframework.boot.test.mock.mockito.ResetMocksTestExecutionListener@3fc7abf6, org.springframework.boot.test.autoconfigure.restdocs.RestDocsTestExecutionListener@1016b44e, org.springframework.boot.test.autoconfigure.web.client.MockRestServiceServerResetTestExecutionListener@6c6c93f8, org.springframework.boot.test.autoconfigure.web.servlet.MockMvcPrintOnlyOnFailureTestExecutionListener@38e88e13, org.springframework.boot.test.autoconfigure.web.servlet.WebDriverTestExecutionListener@3a720ae3, org.springframework.boot.test.autoconfigure.webservices.client.MockWebServiceServerTestExecutionListener@1fe37d27]

  .   ____          _            __ _ _
 /\\ / ___'_ __ _ _(_)_ __  __ _ \ \ \ \
( ( )\___ | '_ | '_| | '_ \/ _` | \ \ \ \
 \\/  ___)| |_)| | | | | || (_| |  ) ) ) )
  '  |____| .__|_| |_|_| |_\__, | / / / /
 =========|_|==============|___/=/_/_/_/
 :: Spring Boot ::                (v2.7.5)

2024-12-23 06:20:04.717  INFO 13972 --- [           main] c.e.e.repository.ExpenseRepositoryTest   : Starting ExpenseRepositoryTest using Java 21.0.5 on LAPTOP-HJRUDQ68 with PID 13972 (started by champ in C:\Users\champ\CHAMPA\ExpenseTrackerApp\Backend)
2024-12-23 06:20:04.717  INFO 13972 --- [           main] c.e.e.repository.ExpenseRepositoryTest   : No active profile set, falling back to 1 default profile: "default"
2024-12-23 06:20:04.809  INFO 13972 --- [           main] .s.d.r.c.RepositoryConfigurationDelegate : Bootstrapping Spring Data JPA repositories in DEFAULT mode.
2024-12-23 06:20:04.821  INFO 13972 --- [           main] .s.d.r.c.RepositoryConfigurationDelegate : Finished Spring Data repository scanning in 11 ms. Found 1 JPA repository interfaces.
2024-12-23 06:20:04.834  INFO 13972 --- [           main] beddedDataSourceBeanFactoryPostProcessor : Replacing 'dataSource' DataSource bean with embedded version
2024-12-23 06:20:04.871  INFO 13972 --- [           main] o.s.j.d.e.EmbeddedDatabaseFactory        : Starting embedded database: url='jdbc:h2:mem:627d0a64-2df5-4d0b-a7d0-a60730ce9669;DB_CLOSE_DELAY=-1;DB_CLOSE_ON_EXIT=false', username='sa'
2024-12-23 06:20:04.908  INFO 13972 --- [           main] o.hibernate.jpa.internal.util.LogHelper  : HHH000204: Processing PersistenceUnitInfo [name: default]
2024-12-23 06:20:04.914  INFO 13972 --- [           main] org.hibernate.dialect.Dialect            : HHH000400: Using dialect: org.hibernate.dialect.H2Dialect
2024-12-23 06:20:04.931 DEBUG 13972 --- [           main] org.hibernate.SQL                        : drop table if exists expense CASCADE 
Hibernate: drop table if exists expense CASCADE 
2024-12-23 06:20:04.932 DEBUG 13972 --- [           main] org.hibernate.SQL                        : create table expense (id bigint generated by default as identity, amount double not null, date date not null, description varchar(255) not null, primary key (id))
Hibernate: create table expense (id bigint generated by default as identity, amount double not null, date date not null, description varchar(255) not null, primary key (id))
2024-12-23 06:20:04.934  INFO 13972 --- [           main] o.h.e.t.j.p.i.JtaPlatformInitiator       : HHH000490: Using JtaPlatform implementation: [org.hibernate.engine.transaction.jta.platform.internal.NoJtaPlatform]
2024-12-23 06:20:04.934  INFO 13972 --- [           main] j.LocalContainerEntityManagerFactoryBean : Initialized JPA EntityManagerFactory for persistence unit 'default'
2024-12-23 06:20:05.016  INFO 13972 --- [           main] c.e.e.repository.ExpenseRepositoryTest   : Started ExpenseRepositoryTest in 0.334 seconds (JVM running for 5.279)
2024-12-23 06:20:05.029  INFO 13972 --- [           main] o.s.t.c.transaction.TransactionContext   : Began transaction (1) for test context [DefaultTestContext@1a3a6216 testClass = ExpenseRepositoryTest, testInstance = com.example.expensetracker.repository.ExpenseRepositoryTest@319ea996, testMethod = testFindAll@ExpenseRepositoryTest, testException = [null], mergedContextConfiguration = [MergedContextConfiguration@1de398c3 testClass = ExpenseRepositoryTest, locations = '{}', classes = '{class com.example.expensetracker.ExpenseTrackerApplication}', contextInitializerClasses = '[]', activeProfiles = '{}', propertySourceLocations = '{}', propertySourceProperties = '{org.springframework.boot.test.autoconfigure.orm.jpa.DataJpaTestContextBootstrapper=true}', contextCustomizers = set[[ImportsContextCustomizer@dc24732 key = [org.springframework.boot.autoconfigure.cache.CacheAutoConfiguration, org.springframework.boot.autoconfigure.data.jpa.JpaRepositoriesAutoConfiguration, org.springframework.boot.autoconfigure.flyway.FlywayAutoConfiguration, org.springframework.boot.autoconfigure.jdbc.DataSourceAutoConfiguration, org.springframework.boot.autoconfigure.jdbc.DataSourceTransactionManagerAutoConfiguration, org.springframework.boot.autoconfigure.jdbc.JdbcTemplateAutoConfiguration, org.springframework.boot.autoconfigure.liquibase.LiquibaseAutoConfiguration, org.springframework.boot.autoconfigure.orm.jpa.HibernateJpaAutoConfiguration, org.springframework.boot.autoconfigure.sql.init.SqlInitializationAutoConfiguration, org.springframework.boot.autoconfigure.transaction.TransactionAutoConfiguration, org.springframework.boot.test.autoconfigure.jdbc.TestDatabaseAutoConfiguration, org.springframework.boot.test.autoconfigure.orm.jpa.TestEntityManagerAutoConfiguration]], org.springframework.boot.test.context.filter.ExcludeFilterContextCustomizer@417d6615, org.springframework.boot.test.json.DuplicateJsonObjectContextCustomizerFactory$DuplicateJsonObjectContextCustomizer@6de30571, org.springframework.boot.test.mock.mockito.MockitoContextCustomizer@0, org.springframework.boot.test.autoconfigure.OverrideAutoConfigurationContextCustomizerFactory$DisableAutoConfigurationContextCustomizer@5e7ea81b, org.springframework.boot.test.autoconfigure.actuate.metrics.MetricsExportContextCustomizerFactory$DisableMetricExportContextCustomizer@7f02251, org.springframework.boot.test.autoconfigure.filter.TypeExcludeFiltersContextCustomizer@351584c0, org.springframework.boot.test.autoconfigure.properties.PropertyMappingContextCustomizer@b2f36bd1, org.springframework.boot.test.autoconfigure.web.servlet.WebDriverContextCustomizerFactory$Customizer@677b8e13, org.springframework.boot.test.context.SpringBootTestArgs@1, org.springframework.boot.test.context.SpringBootTestWebEnvironment@0], contextLoader = 'org.springframework.boot.test.context.SpringBootContextLoader', parent = [null]], attributes = map['org.springframework.test.context.event.ApplicationEventsTestExecutionListener.recordApplicationEvents' -> false]]; transaction manager [org.springframework.orm.jpa.JpaTransactionManager@3b38f032]; rollback [true]
2024-12-23 06:20:05.054 DEBUG 13972 --- [           main] org.hibernate.SQL                        : insert into expense (id, amount, date, description) values (default, ?, ?, ?)
Hibernate: insert into expense (id, amount, date, description) values (default, ?, ?, ?)
2024-12-23 06:20:05.056 TRACE 13972 --- [           main] o.h.type.descriptor.sql.BasicBinder      : binding parameter [1] as [DOUBLE] - [50.0]
2024-12-23 06:20:05.057 TRACE 13972 --- [           main] o.h.type.descriptor.sql.BasicBinder      : binding parameter [2] as [DATE] - [2024-12-23]
2024-12-23 06:20:05.060 TRACE 13972 --- [           main] o.h.type.descriptor.sql.BasicBinder      : binding parameter [3] as [VARCHAR] - [Expense 1]
2024-12-23 06:20:05.067 DEBUG 13972 --- [           main] org.hibernate.SQL                        : insert into expense (id, amount, date, description) values (default, ?, ?, ?)
Hibernate: insert into expense (id, amount, date, description) values (default, ?, ?, ?)
2024-12-23 06:20:05.067 TRACE 13972 --- [           main] o.h.type.descriptor.sql.BasicBinder      : binding parameter [1] as [DOUBLE] - [75.0]
2024-12-23 06:20:05.067 TRACE 13972 --- [           main] o.h.type.descriptor.sql.BasicBinder      : binding parameter [2] as [DATE] - [2024-12-23]
2024-12-23 06:20:05.067 TRACE 13972 --- [           main] o.h.type.descriptor.sql.BasicBinder      : binding parameter [3] as [VARCHAR] - [Expense 2]
2024-12-23 06:20:05.166 DEBUG 13972 --- [           main] org.hibernate.SQL                        : select expense0_.id as id1_0_, expense0_.amount as amount2_0_, expense0_.date as date3_0_, expense0_.description as descript4_0_ from expense expense0_
Hibernate: select expense0_.id as id1_0_, expense0_.amount as amount2_0_, expense0_.date as date3_0_, expense0_.description as descript4_0_ from expense expense0_
2024-12-23 06:20:05.168 TRACE 13972 --- [           main] o.h.type.descriptor.sql.BasicExtractor   : extracted value ([id1_0_] : [BIGINT]) - [1]
2024-12-23 06:20:05.169 TRACE 13972 --- [           main] o.h.type.descriptor.sql.BasicExtractor   : extracted value ([id1_0_] : [BIGINT]) - [2]
2024-12-23 06:20:05.182  INFO 13972 --- [           main] o.s.t.c.transaction.TransactionContext   : Rolled back transaction for test: [DefaultTestContext@1a3a6216 testClass = ExpenseRepositoryTest, testInstance = com.example.expensetracker.repository.ExpenseRepositoryTest@319ea996, testMethod = testFindAll@ExpenseRepositoryTest, testException = [null], mergedContextConfiguration = [MergedContextConfiguration@1de398c3 testClass = ExpenseRepositoryTest, locations = '{}', classes = '{class com.example.expensetracker.ExpenseTrackerApplication}', contextInitializerClasses = '[]', activeProfiles = '{}', propertySourceLocations = '{}', propertySourceProperties = '{org.springframework.boot.test.autoconfigure.orm.jpa.DataJpaTestContextBootstrapper=true}', contextCustomizers = set[[ImportsContextCustomizer@dc24732 key = [org.springframework.boot.autoconfigure.cache.CacheAutoConfiguration, org.springframework.boot.autoconfigure.data.jpa.JpaRepositoriesAutoConfiguration, org.springframework.boot.autoconfigure.flyway.FlywayAutoConfiguration, org.springframework.boot.autoconfigure.jdbc.DataSourceAutoConfiguration, org.springframework.boot.autoconfigure.jdbc.DataSourceTransactionManagerAutoConfiguration, org.springframework.boot.autoconfigure.jdbc.JdbcTemplateAutoConfiguration, org.springframework.boot.autoconfigure.liquibase.LiquibaseAutoConfiguration, org.springframework.boot.autoconfigure.orm.jpa.HibernateJpaAutoConfiguration, org.springframework.boot.autoconfigure.sql.init.SqlInitializationAutoConfiguration, org.springframework.boot.autoconfigure.transaction.TransactionAutoConfiguration, org.springframework.boot.test.autoconfigure.jdbc.TestDatabaseAutoConfiguration, org.springframework.boot.test.autoconfigure.orm.jpa.TestEntityManagerAutoConfiguration]], org.springframework.boot.test.context.filter.ExcludeFilterContextCustomizer@417d6615, org.springframework.boot.test.json.DuplicateJsonObjectContextCustomizerFactory$DuplicateJsonObjectContextCustomizer@6de30571, org.springframework.boot.test.mock.mockito.MockitoContextCustomizer@0, org.springframework.boot.test.autoconfigure.OverrideAutoConfigurationContextCustomizerFactory$DisableAutoConfigurationContextCustomizer@5e7ea81b, org.springframework.boot.test.autoconfigure.actuate.metrics.MetricsExportContextCustomizerFactory$DisableMetricExportContextCustomizer@7f02251, org.springframework.boot.test.autoconfigure.filter.TypeExcludeFiltersContextCustomizer@351584c0, org.springframework.boot.test.autoconfigure.properties.PropertyMappingContextCustomizer@b2f36bd1, org.springframework.boot.test.autoconfigure.web.servlet.WebDriverContextCustomizerFactory$Customizer@677b8e13, org.springframework.boot.test.context.SpringBootTestArgs@1, org.springframework.boot.test.context.SpringBootTestWebEnvironment@0], contextLoader = 'org.springframework.boot.test.context.SpringBootContextLoader', parent = [null]], attributes = map['org.springframework.test.context.event.ApplicationEventsTestExecutionListener.recordApplicationEvents' -> false]]
]]></system-out>
  </testcase>
  <testcase name="testSaveAndFindById" classname="com.example.expensetracker.repository.ExpenseRepositoryTest" time="0.012">
    <system-out><![CDATA[2024-12-23 06:20:05.186  INFO 13972 --- [           main] o.s.t.c.transaction.TransactionContext   : Began transaction (1) for test context [DefaultTestContext@1a3a6216 testClass = ExpenseRepositoryTest, testInstance = com.example.expensetracker.repository.ExpenseRepositoryTest@3b48361e, testMethod = testSaveAndFindById@ExpenseRepositoryTest, testException = [null], mergedContextConfiguration = [MergedContextConfiguration@1de398c3 testClass = ExpenseRepositoryTest, locations = '{}', classes = '{class com.example.expensetracker.ExpenseTrackerApplication}', contextInitializerClasses = '[]', activeProfiles = '{}', propertySourceLocations = '{}', propertySourceProperties = '{org.springframework.boot.test.autoconfigure.orm.jpa.DataJpaTestContextBootstrapper=true}', contextCustomizers = set[[ImportsContextCustomizer@dc24732 key = [org.springframework.boot.autoconfigure.cache.CacheAutoConfiguration, org.springframework.boot.autoconfigure.data.jpa.JpaRepositoriesAutoConfiguration, org.springframework.boot.autoconfigure.flyway.FlywayAutoConfiguration, org.springframework.boot.autoconfigure.jdbc.DataSourceAutoConfiguration, org.springframework.boot.autoconfigure.jdbc.DataSourceTransactionManagerAutoConfiguration, org.springframework.boot.autoconfigure.jdbc.JdbcTemplateAutoConfiguration, org.springframework.boot.autoconfigure.liquibase.LiquibaseAutoConfiguration, org.springframework.boot.autoconfigure.orm.jpa.HibernateJpaAutoConfiguration, org.springframework.boot.autoconfigure.sql.init.SqlInitializationAutoConfiguration, org.springframework.boot.autoconfigure.transaction.TransactionAutoConfiguration, org.springframework.boot.test.autoconfigure.jdbc.TestDatabaseAutoConfiguration, org.springframework.boot.test.autoconfigure.orm.jpa.TestEntityManagerAutoConfiguration]], org.springframework.boot.test.context.filter.ExcludeFilterContextCustomizer@417d6615, org.springframework.boot.test.json.DuplicateJsonObjectContextCustomizerFactory$DuplicateJsonObjectContextCustomizer@6de30571, org.springframework.boot.test.mock.mockito.MockitoContextCustomizer@0, org.springframework.boot.test.autoconfigure.OverrideAutoConfigurationContextCustomizerFactory$DisableAutoConfigurationContextCustomizer@5e7ea81b, org.springframework.boot.test.autoconfigure.actuate.metrics.MetricsExportContextCustomizerFactory$DisableMetricExportContextCustomizer@7f02251, org.springframework.boot.test.autoconfigure.filter.TypeExcludeFiltersContextCustomizer@351584c0, org.springframework.boot.test.autoconfigure.properties.PropertyMappingContextCustomizer@b2f36bd1, org.springframework.boot.test.autoconfigure.web.servlet.WebDriverContextCustomizerFactory$Customizer@677b8e13, org.springframework.boot.test.context.SpringBootTestArgs@1, org.springframework.boot.test.context.SpringBootTestWebEnvironment@0], contextLoader = 'org.springframework.boot.test.context.SpringBootContextLoader', parent = [null]], attributes = map['org.springframework.test.context.event.ApplicationEventsTestExecutionListener.recordApplicationEvents' -> false]]; transaction manager [org.springframework.orm.jpa.JpaTransactionManager@3b38f032]; rollback [true]
2024-12-23 06:20:05.188 DEBUG 13972 --- [           main] org.hibernate.SQL                        : insert into expense (id, amount, date, description) values (default, ?, ?, ?)
Hibernate: insert into expense (id, amount, date, description) values (default, ?, ?, ?)
2024-12-23 06:20:05.188 TRACE 13972 --- [           main] o.h.type.descriptor.sql.BasicBinder      : binding parameter [1] as [DOUBLE] - [100.0]
2024-12-23 06:20:05.188 TRACE 13972 --- [           main] o.h.type.descriptor.sql.BasicBinder      : binding parameter [2] as [DATE] - [2024-12-23]
2024-12-23 06:20:05.188 TRACE 13972 --- [           main] o.h.type.descriptor.sql.BasicBinder      : binding parameter [3] as [VARCHAR] - [Test Expense]
2024-12-23 06:20:05.196  INFO 13972 --- [           main] o.s.t.c.transaction.TransactionContext   : Rolled back transaction for test: [DefaultTestContext@1a3a6216 testClass = ExpenseRepositoryTest, testInstance = com.example.expensetracker.repository.ExpenseRepositoryTest@3b48361e, testMethod = testSaveAndFindById@ExpenseRepositoryTest, testException = [null], mergedContextConfiguration = [MergedContextConfiguration@1de398c3 testClass = ExpenseRepositoryTest, locations = '{}', classes = '{class com.example.expensetracker.ExpenseTrackerApplication}', contextInitializerClasses = '[]', activeProfiles = '{}', propertySourceLocations = '{}', propertySourceProperties = '{org.springframework.boot.test.autoconfigure.orm.jpa.DataJpaTestContextBootstrapper=true}', contextCustomizers = set[[ImportsContextCustomizer@dc24732 key = [org.springframework.boot.autoconfigure.cache.CacheAutoConfiguration, org.springframework.boot.autoconfigure.data.jpa.JpaRepositoriesAutoConfiguration, org.springframework.boot.autoconfigure.flyway.FlywayAutoConfiguration, org.springframework.boot.autoconfigure.jdbc.DataSourceAutoConfiguration, org.springframework.boot.autoconfigure.jdbc.DataSourceTransactionManagerAutoConfiguration, org.springframework.boot.autoconfigure.jdbc.JdbcTemplateAutoConfiguration, org.springframework.boot.autoconfigure.liquibase.LiquibaseAutoConfiguration, org.springframework.boot.autoconfigure.orm.jpa.HibernateJpaAutoConfiguration, org.springframework.boot.autoconfigure.sql.init.SqlInitializationAutoConfiguration, org.springframework.boot.autoconfigure.transaction.TransactionAutoConfiguration, org.springframework.boot.test.autoconfigure.jdbc.TestDatabaseAutoConfiguration, org.springframework.boot.test.autoconfigure.orm.jpa.TestEntityManagerAutoConfiguration]], org.springframework.boot.test.context.filter.ExcludeFilterContextCustomizer@417d6615, org.springframework.boot.test.json.DuplicateJsonObjectContextCustomizerFactory$DuplicateJsonObjectContextCustomizer@6de30571, org.springframework.boot.test.mock.mockito.MockitoContextCustomizer@0, org.springframework.boot.test.autoconfigure.OverrideAutoConfigurationContextCustomizerFactory$DisableAutoConfigurationContextCustomizer@5e7ea81b, org.springframework.boot.test.autoconfigure.actuate.metrics.MetricsExportContextCustomizerFactory$DisableMetricExportContextCustomizer@7f02251, org.springframework.boot.test.autoconfigure.filter.TypeExcludeFiltersContextCustomizer@351584c0, org.springframework.boot.test.autoconfigure.properties.PropertyMappingContextCustomizer@b2f36bd1, org.springframework.boot.test.autoconfigure.web.servlet.WebDriverContextCustomizerFactory$Customizer@677b8e13, org.springframework.boot.test.context.SpringBootTestArgs@1, org.springframework.boot.test.context.SpringBootTestWebEnvironment@0], contextLoader = 'org.springframework.boot.test.context.SpringBootContextLoader', parent = [null]], attributes = map['org.springframework.test.context.event.ApplicationEventsTestExecutionListener.recordApplicationEvents' -> false]]
]]></system-out>
  </testcase>
</testsuite>